
> bookstore@1.0.0 start
> node backend/server.js

node:events:492
      throw er; // Unhandled 'error' event
      ^

Error: listen EADDRINUSE: address already in use :::5000
    at Server.setupListenHandle [as _listen2] (node:net:1872:16)
    at listenInCluster (node:net:1920:12)
    at Server.listen (node:net:2008:7)
    at Function.listen (/home/averous009/project_LTKA_bookstore/node_modules/express/lib/application.js:635:24)
    at file:///home/averous009/project_LTKA_bookstore/backend/server.js:55:5
    at ModuleJob.run (node:internal/modules/esm/module_job:218:25)
    at async ModuleLoader.import (node:internal/modules/esm/loader:329:24)
    at async loadESM (node:internal/process/esm_loader:34:7)
    at async handleMainPromise (node:internal/modules/run_main:113:12)
Emitted 'error' event on Server instance at:
    at emitErrorNT (node:net:1899:8)
    at process.processTicksAndRejections (node:internal/process/task_queues:82:21) {
  code: 'EADDRINUSE',
  errno: -98,
  syscall: 'listen',
  address: '::',
  port: 5000
}

Node.js v20.10.0

> bookstore@1.0.0 start
> node backend/server.js

Server running in undefined mode on port 5000
MongoDB Connected: ac-9upjzul-shard-00-00.72ouavc.mongodb.net
